2025-07-14 13:52:01	INFO	FORCE mode is enabled
2025-07-14 13:52:04	INFO	Starting XML import from https://angebote.paerke.ch/export/xml/a92d8161af564156b34f3470409e66f22dbc80a5
2025-07-14 13:52:04	INFO		Imported offer with ID 42086
2025-07-14 13:52:05	INFO		Imported offer with ID 42342
2025-07-14 13:52:05	INFO		Imported offer with ID 42343
2025-07-14 13:52:05	INFO		Imported offer with ID 42344
2025-07-14 13:52:05	INFO		Imported offer with ID 42345
2025-07-14 13:52:05	INFO		Imported offer with ID 42346
2025-07-14 13:52:05	INFO		Imported offer with ID 42347
2025-07-14 13:52:05	INFO		Imported offer with ID 42348
2025-07-14 13:52:05	INFO		Imported offer with ID 42350
2025-07-14 13:52:05	INFO		Imported offer with ID 42351
2025-07-14 13:52:05	INFO		Imported offer with ID 42359
2025-07-14 13:52:05	INFO		Imported offer with ID 42360
2025-07-14 13:52:05	INFO		Imported offer with ID 42361
2025-07-14 13:52:05	INFO		Imported offer with ID 42362
2025-07-14 13:52:05	INFO		Imported offer with ID 42363
2025-07-14 13:52:05	INFO		Imported offer with ID 42364
2025-07-14 13:52:05	INFO		Imported offer with ID 42087
2025-07-14 13:52:05	INFO		Imported offer with ID 42365
2025-07-14 13:52:05	INFO		Imported offer with ID 42366
2025-07-14 13:52:05	INFO		Imported offer with ID 42367
2025-07-14 13:52:05	INFO		Imported offer with ID 50458
2025-07-14 13:52:05	INFO		Imported offer with ID 50571
2025-07-14 13:52:05	INFO		Imported offer with ID 45826
2025-07-14 13:52:05	INFO		Imported offer with ID 50592
2025-07-14 13:52:05	INFO		Imported offer with ID 46766
2025-07-14 13:52:05	INFO		Imported offer with ID 38625
2025-07-14 13:52:05	INFO		Imported offer with ID 50636
2025-07-14 13:52:05	INFO		Imported offer with ID 50637
2025-07-14 13:52:05	INFO		Imported offer with ID 45812
2025-07-14 13:52:05	INFO		Imported offer with ID 50638
2025-07-14 13:52:05	INFO		Imported offer with ID 50639
2025-07-14 13:52:05	INFO		Imported offer with ID 50950
2025-07-14 13:52:05	INFO		Imported offer with ID 50640
2025-07-14 13:52:05	INFO		Imported offer with ID 45825
2025-07-14 13:52:05	INFO		Imported offer with ID 50653
2025-07-14 13:52:05	INFO		Imported offer with ID 50654
2025-07-14 13:52:05	INFO		Imported offer with ID 50655
2025-07-14 13:52:05	INFO		Imported offer with ID 45813
2025-07-14 13:52:05	INFO		Imported offer with ID 45944
2025-07-14 13:52:05	INFO		Imported offer with ID 50656
2025-07-14 13:52:05	INFO		Imported offer with ID 50658
2025-07-14 13:52:05	INFO		Imported offer with ID 50657
2025-07-14 13:52:05	INFO		Imported offer with ID 42120
2025-07-14 13:52:05	INFO		Imported offer with ID 2133
2025-07-14 13:52:05	INFO		Imported offer with ID 2139
2025-07-14 13:52:05	INFO		Imported offer with ID 2137
2025-07-14 13:52:05	INFO		Imported offer with ID 49226
2025-07-14 13:52:05	INFO		Imported offer with ID 28109
2025-07-14 13:52:05	INFO		Imported offer with ID 342
2025-07-14 13:52:05	INFO		Imported offer with ID 49538
2025-07-14 13:52:05	INFO		Imported offer with ID 2050
2025-07-14 13:52:05	INFO		Imported offer with ID 49357
2025-07-14 13:52:05	INFO		Imported offer with ID 49356
2025-07-14 13:52:05	INFO		Imported offer with ID 19548
2025-07-14 13:52:05	INFO		Imported offer with ID 19704
2025-07-14 13:52:05	INFO		Imported offer with ID 49222
2025-07-14 13:52:05	INFO		Imported offer with ID 112
2025-07-14 13:52:05	INFO		Imported offer with ID 38104
2025-07-14 13:52:05	INFO		Imported offer with ID 49223
2025-07-14 13:52:05	INFO		Imported offer with ID 41280
2025-07-14 13:52:05	INFO		Imported offer with ID 50574
2025-07-14 13:52:06	INFO		Imported offer with ID 105
2025-07-14 13:52:06	INFO		Imported offer with ID 40905
2025-07-14 13:52:06	INFO		Imported offer with ID 40904
2025-07-14 13:52:06	INFO		Imported offer with ID 49168
2025-07-14 13:52:06	INFO		Imported offer with ID 5754
2025-07-14 13:52:06	INFO		Imported offer with ID 5755
2025-07-14 13:52:06	INFO		Imported offer with ID 50935
2025-07-14 13:52:06	INFO		Imported offer with ID 49221
2025-07-14 13:52:06	INFO		Imported offer with ID 49224
2025-07-14 13:52:06	INFO		Imported offer with ID 2131
2025-07-14 13:52:06	INFO		Imported offer with ID 49219
2025-07-14 13:52:06	INFO		Imported offer with ID 2135
2025-07-14 13:52:06	INFO		Imported offer with ID 346
2025-07-14 13:52:06	INFO		Imported offer with ID 40278
2025-07-14 13:52:06	INFO		Imported offer with ID 29772
2025-07-14 13:52:06	INFO	Successfully imported 76 offers.
2025-07-14 13:52:06	INFO	Deleting offers which were not updated...
2025-07-14 13:52:06	INFO		Deleted offer with ID 95
2025-07-14 13:52:06	INFO		Deleted offer with ID 155
2025-07-14 13:52:06	INFO		Deleted offer with ID 590
2025-07-14 13:52:06	INFO		Deleted offer with ID 735
2025-07-14 13:52:06	INFO		Deleted offer with ID 1183
2025-07-14 13:52:06	INFO		Deleted offer with ID 1196
2025-07-14 13:52:06	INFO		Deleted offer with ID 1197
2025-07-14 13:52:06	INFO		Deleted offer with ID 1204
2025-07-14 13:52:06	INFO		Deleted offer with ID 1213
2025-07-14 13:52:06	INFO		Deleted offer with ID 1214
2025-07-14 13:52:06	INFO		Deleted offer with ID 1215
2025-07-14 13:52:06	INFO		Deleted offer with ID 1217
2025-07-14 13:52:06	INFO		Deleted offer with ID 1427
2025-07-14 13:52:06	INFO		Deleted offer with ID 1999
2025-07-14 13:52:06	INFO		Deleted offer with ID 2004
2025-07-14 13:52:06	INFO		Deleted offer with ID 2033
2025-07-14 13:52:06	INFO		Deleted offer with ID 2091
2025-07-14 13:52:06	INFO		Deleted offer with ID 2092
2025-07-14 13:52:06	INFO		Deleted offer with ID 2094
2025-07-14 13:52:06	INFO		Deleted offer with ID 2095
2025-07-14 13:52:06	INFO		Deleted offer with ID 2100
2025-07-14 13:52:06	INFO		Deleted offer with ID 2254
2025-07-14 13:52:06	INFO		Deleted offer with ID 2259
2025-07-14 13:52:06	INFO		Deleted offer with ID 2264
2025-07-14 13:52:06	INFO		Deleted offer with ID 2302
2025-07-14 13:52:06	INFO		Deleted offer with ID 2418
2025-07-14 13:52:06	INFO		Deleted offer with ID 2423
2025-07-14 13:52:06	INFO		Deleted offer with ID 3488
2025-07-14 13:52:06	INFO		Deleted offer with ID 3939
2025-07-14 13:52:06	INFO		Deleted offer with ID 3996
2025-07-14 13:52:06	INFO		Deleted offer with ID 4199
2025-07-14 13:52:06	INFO		Deleted offer with ID 4560
2025-07-14 13:52:06	INFO		Deleted offer with ID 4563
2025-07-14 13:52:06	INFO		Deleted offer with ID 4568
2025-07-14 13:52:06	INFO		Deleted offer with ID 4572
2025-07-14 13:52:06	INFO		Deleted offer with ID 4596
2025-07-14 13:52:06	INFO		Deleted offer with ID 4598
2025-07-14 13:52:06	INFO		Deleted offer with ID 4599
2025-07-14 13:52:06	INFO		Deleted offer with ID 4621
2025-07-14 13:52:06	INFO		Deleted offer with ID 4742
2025-07-14 13:52:06	INFO		Deleted offer with ID 4746
2025-07-14 13:52:06	INFO		Deleted offer with ID 4747
2025-07-14 13:52:06	INFO		Deleted offer with ID 4748
2025-07-14 13:52:06	INFO		Deleted offer with ID 4749
2025-07-14 13:52:06	INFO		Deleted offer with ID 4750
2025-07-14 13:52:06	INFO		Deleted offer with ID 4752
2025-07-14 13:52:06	INFO		Deleted offer with ID 4753
2025-07-14 13:52:06	INFO		Deleted offer with ID 4772
2025-07-14 13:52:06	INFO		Deleted offer with ID 4815
2025-07-14 13:52:06	INFO		Deleted offer with ID 4817
2025-07-14 13:52:06	INFO		Deleted offer with ID 4818
2025-07-14 13:52:06	INFO		Deleted offer with ID 4819
2025-07-14 13:52:06	INFO		Deleted offer with ID 4880
2025-07-14 13:52:06	INFO		Deleted offer with ID 4951
2025-07-14 13:52:06	INFO		Deleted offer with ID 4960
2025-07-14 13:52:06	INFO		Deleted offer with ID 5171
2025-07-14 13:52:06	INFO		Deleted offer with ID 5271
2025-07-14 13:52:06	INFO		Deleted offer with ID 5399
2025-07-14 13:52:06	INFO		Deleted offer with ID 5572
2025-07-14 13:52:06	INFO		Deleted offer with ID 6149
2025-07-14 13:52:06	INFO		Deleted offer with ID 6150
2025-07-14 13:52:06	INFO		Deleted offer with ID 7620
2025-07-14 13:52:06	INFO		Deleted offer with ID 7655
2025-07-14 13:52:06	INFO		Deleted offer with ID 8748
2025-07-14 13:52:06	INFO		Deleted offer with ID 9336
2025-07-14 13:52:06	INFO		Deleted offer with ID 13238
2025-07-14 13:52:06	INFO		Deleted offer with ID 13239
2025-07-14 13:52:06	INFO		Deleted offer with ID 13242
2025-07-14 13:52:06	INFO		Deleted offer with ID 13925
2025-07-14 13:52:06	INFO		Deleted offer with ID 13958
2025-07-14 13:52:06	INFO		Deleted offer with ID 13963
2025-07-14 13:52:06	INFO		Deleted offer with ID 13965
2025-07-14 13:52:06	INFO		Deleted offer with ID 13966
2025-07-14 13:52:06	INFO		Deleted offer with ID 13967
2025-07-14 13:52:06	INFO		Deleted offer with ID 13975
2025-07-14 13:52:06	INFO		Deleted offer with ID 14490
2025-07-14 13:52:06	INFO		Deleted offer with ID 14532
2025-07-14 13:52:06	INFO		Deleted offer with ID 16336
2025-07-14 13:52:06	INFO		Deleted offer with ID 18751
2025-07-14 13:52:06	INFO		Deleted offer with ID 22461
2025-07-14 13:52:06	INFO		Deleted offer with ID 23406
2025-07-14 13:52:06	INFO		Deleted offer with ID 23415
2025-07-14 13:52:06	INFO		Deleted offer with ID 24694
2025-07-14 13:52:06	INFO		Deleted offer with ID 24925
2025-07-14 13:52:06	INFO		Deleted offer with ID 25223
2025-07-14 13:52:06	INFO		Deleted offer with ID 25314
2025-07-14 13:52:06	INFO		Deleted offer with ID 25315
2025-07-14 13:52:06	INFO		Deleted offer with ID 26042
2025-07-14 13:52:06	INFO		Deleted offer with ID 26082
2025-07-14 13:52:06	INFO		Deleted offer with ID 27192
2025-07-14 13:52:06	INFO		Deleted offer with ID 27249
2025-07-14 13:52:06	INFO		Deleted offer with ID 27250
2025-07-14 13:52:06	INFO		Deleted offer with ID 27251
2025-07-14 13:52:06	INFO		Deleted offer with ID 27252
2025-07-14 13:52:06	INFO		Deleted offer with ID 27253
2025-07-14 13:52:06	INFO		Deleted offer with ID 27889
2025-07-14 13:52:06	INFO		Deleted offer with ID 28110
2025-07-14 13:52:06	INFO		Deleted offer with ID 28111
2025-07-14 13:52:06	INFO		Deleted offer with ID 28296
2025-07-14 13:52:06	INFO		Deleted offer with ID 28745
2025-07-14 13:52:06	INFO		Deleted offer with ID 28749
2025-07-14 13:52:06	INFO		Deleted offer with ID 29262
2025-07-14 13:52:06	INFO		Deleted offer with ID 29263
2025-07-14 13:52:06	INFO		Deleted offer with ID 29431
2025-07-14 13:52:06	INFO		Deleted offer with ID 30058
2025-07-14 13:52:06	INFO		Deleted offer with ID 36507
2025-07-14 13:52:06	INFO		Deleted offer with ID 36677
2025-07-14 13:52:06	INFO		Deleted offer with ID 36759
2025-07-14 13:52:06	INFO		Deleted offer with ID 36761
2025-07-14 13:52:06	INFO		Deleted offer with ID 36762
2025-07-14 13:52:06	INFO		Deleted offer with ID 37573
2025-07-14 13:52:06	INFO		Deleted offer with ID 37576
2025-07-14 13:52:06	INFO		Deleted offer with ID 37741
2025-07-14 13:52:06	INFO		Deleted offer with ID 37742
2025-07-14 13:52:06	INFO		Deleted offer with ID 38307
2025-07-14 13:52:06	INFO		Deleted offer with ID 38335
2025-07-14 13:52:06	INFO		Deleted offer with ID 38602
2025-07-14 13:52:06	INFO		Deleted offer with ID 38628
2025-07-14 13:52:06	INFO		Deleted offer with ID 38629
2025-07-14 13:52:06	INFO		Deleted offer with ID 38643
2025-07-14 13:52:06	INFO		Deleted offer with ID 38646
2025-07-14 13:52:06	INFO		Deleted offer with ID 38819
2025-07-14 13:52:06	INFO		Deleted offer with ID 38939
2025-07-14 13:52:06	INFO		Deleted offer with ID 39183
2025-07-14 13:52:06	INFO		Deleted offer with ID 39202
2025-07-14 13:52:06	INFO		Deleted offer with ID 39210
2025-07-14 13:52:06	INFO		Deleted offer with ID 39214
2025-07-14 13:52:06	INFO		Deleted offer with ID 39256
2025-07-14 13:52:06	INFO		Deleted offer with ID 39298
2025-07-14 13:52:06	INFO		Deleted offer with ID 39319
2025-07-14 13:52:06	INFO		Deleted offer with ID 39445
2025-07-14 13:52:06	INFO		Deleted offer with ID 39793
2025-07-14 13:52:06	INFO		Deleted offer with ID 39803
2025-07-14 13:52:06	INFO		Deleted offer with ID 39855
2025-07-14 13:52:06	INFO		Deleted offer with ID 39856
2025-07-14 13:52:06	INFO		Deleted offer with ID 39870
2025-07-14 13:52:06	INFO		Deleted offer with ID 39885
2025-07-14 13:52:06	INFO		Deleted offer with ID 39888
2025-07-14 13:52:06	INFO		Deleted offer with ID 39889
2025-07-14 13:52:06	INFO		Deleted offer with ID 40112
2025-07-14 13:52:06	INFO		Deleted offer with ID 40114
2025-07-14 13:52:06	INFO		Deleted offer with ID 40115
2025-07-14 13:52:06	INFO		Deleted offer with ID 40177
2025-07-14 13:52:06	INFO		Deleted offer with ID 40233
2025-07-14 13:52:06	INFO		Deleted offer with ID 40238
2025-07-14 13:52:06	INFO		Deleted offer with ID 40331
2025-07-14 13:52:06	INFO		Deleted offer with ID 40400
2025-07-14 13:52:06	INFO		Deleted offer with ID 40401
2025-07-14 13:52:06	INFO		Deleted offer with ID 40406
2025-07-14 13:52:06	INFO		Deleted offer with ID 40591
2025-07-14 13:52:06	INFO		Deleted offer with ID 40610
2025-07-14 13:52:06	INFO		Deleted offer with ID 40654
2025-07-14 13:52:06	INFO		Deleted offer with ID 40655
2025-07-14 13:52:06	INFO		Deleted offer with ID 40708
2025-07-14 13:52:06	INFO		Deleted offer with ID 40713
2025-07-14 13:52:06	INFO		Deleted offer with ID 40875
2025-07-14 13:52:06	INFO		Deleted offer with ID 40893
2025-07-14 13:52:06	INFO		Deleted offer with ID 40894
2025-07-14 13:52:06	INFO		Deleted offer with ID 40896
2025-07-14 13:52:06	INFO		Deleted offer with ID 41212
2025-07-14 13:52:06	INFO		Deleted offer with ID 41240
2025-07-14 13:52:06	INFO		Deleted offer with ID 41241
2025-07-14 13:52:06	INFO		Deleted offer with ID 41347
2025-07-14 13:52:06	INFO		Deleted offer with ID 41355
2025-07-14 13:52:06	INFO		Deleted offer with ID 41368
2025-07-14 13:52:06	INFO		Deleted offer with ID 41583
2025-07-14 13:52:06	INFO		Deleted offer with ID 42038
2025-07-14 13:52:06	INFO		Deleted offer with ID 42204
2025-07-14 13:52:06	INFO		Deleted offer with ID 42205
2025-07-14 13:52:06	INFO		Deleted offer with ID 42206
2025-07-14 13:52:06	INFO		Deleted offer with ID 42213
2025-07-14 13:52:06	INFO		Deleted offer with ID 42214
2025-07-14 13:52:06	INFO		Deleted offer with ID 42215
2025-07-14 13:52:06	INFO		Deleted offer with ID 42219
2025-07-14 13:52:06	INFO		Deleted offer with ID 42236
2025-07-14 13:52:06	INFO		Deleted offer with ID 42488
2025-07-14 13:52:06	INFO		Deleted offer with ID 42541
2025-07-14 13:52:06	INFO		Deleted offer with ID 42653
2025-07-14 13:52:06	INFO		Deleted offer with ID 42763
2025-07-14 13:52:06	INFO		Deleted offer with ID 43116
2025-07-14 13:52:06	INFO		Deleted offer with ID 43202
2025-07-14 13:52:06	INFO		Deleted offer with ID 43210
2025-07-14 13:52:06	INFO		Deleted offer with ID 43235
2025-07-14 13:52:06	INFO		Deleted offer with ID 43310
2025-07-14 13:52:06	INFO		Deleted offer with ID 43324
2025-07-14 13:52:06	INFO		Deleted offer with ID 43326
2025-07-14 13:52:06	INFO		Deleted offer with ID 43334
2025-07-14 13:52:06	INFO		Deleted offer with ID 43337
2025-07-14 13:52:06	INFO		Deleted offer with ID 43341
2025-07-14 13:52:06	INFO		Deleted offer with ID 43345
2025-07-14 13:52:06	INFO		Deleted offer with ID 43349
2025-07-14 13:52:06	INFO		Deleted offer with ID 43350
2025-07-14 13:52:06	INFO		Deleted offer with ID 43352
2025-07-14 13:52:06	INFO		Deleted offer with ID 43353
2025-07-14 13:52:06	INFO		Deleted offer with ID 43436
2025-07-14 13:52:06	INFO		Deleted offer with ID 43493
2025-07-14 13:52:06	INFO		Deleted offer with ID 43550
2025-07-14 13:52:06	INFO		Deleted offer with ID 43707
2025-07-14 13:52:06	INFO		Deleted offer with ID 43750
2025-07-14 13:52:06	INFO		Deleted offer with ID 43753
2025-07-14 13:52:06	INFO		Deleted offer with ID 43759
2025-07-14 13:52:06	INFO		Deleted offer with ID 43762
2025-07-14 13:52:06	INFO		Deleted offer with ID 43789
2025-07-14 13:52:06	INFO		Deleted offer with ID 43798
2025-07-14 13:52:06	INFO		Deleted offer with ID 43827
2025-07-14 13:52:06	INFO		Deleted offer with ID 43828
2025-07-14 13:52:06	INFO		Deleted offer with ID 43848
2025-07-14 13:52:06	INFO		Deleted offer with ID 43873
2025-07-14 13:52:06	INFO		Deleted offer with ID 43974
2025-07-14 13:52:06	INFO		Deleted offer with ID 43997
2025-07-14 13:52:06	INFO		Deleted offer with ID 44004
2025-07-14 13:52:06	INFO		Deleted offer with ID 44063
2025-07-14 13:52:06	INFO		Deleted offer with ID 44067
2025-07-14 13:52:06	INFO		Deleted offer with ID 44120
2025-07-14 13:52:06	INFO		Deleted offer with ID 44179
2025-07-14 13:52:06	INFO		Deleted offer with ID 44317
2025-07-14 13:52:06	INFO		Deleted offer with ID 44320
2025-07-14 13:52:06	INFO		Deleted offer with ID 44321
2025-07-14 13:52:06	INFO		Deleted offer with ID 44338
2025-07-14 13:52:06	INFO		Deleted offer with ID 44344
2025-07-14 13:52:06	INFO		Deleted offer with ID 44796
2025-07-14 13:52:06	INFO		Deleted offer with ID 45337
2025-07-14 13:52:06	INFO		Deleted offer with ID 45338
2025-07-14 13:52:06	INFO		Deleted offer with ID 45449
2025-07-14 13:52:06	INFO		Deleted offer with ID 45669
2025-07-14 13:52:06	INFO		Deleted offer with ID 45749
2025-07-14 13:52:06	INFO		Deleted offer with ID 45968
2025-07-14 13:52:06	INFO		Deleted offer with ID 46164
2025-07-14 13:52:06	INFO		Deleted offer with ID 46166
2025-07-14 13:52:06	INFO		Deleted offer with ID 46167
2025-07-14 13:52:06	INFO		Deleted offer with ID 46325
2025-07-14 13:52:06	INFO		Deleted offer with ID 46386
2025-07-14 13:52:06	INFO		Deleted offer with ID 46387
2025-07-14 13:52:06	INFO		Deleted offer with ID 46473
2025-07-14 13:52:06	INFO		Deleted offer with ID 46509
2025-07-14 13:52:06	INFO		Deleted offer with ID 46728
2025-07-14 13:52:06	INFO		Deleted offer with ID 46753
2025-07-14 13:52:06	INFO		Deleted offer with ID 46860
2025-07-14 13:52:06	INFO		Deleted offer with ID 46905
2025-07-14 13:52:06	INFO		Deleted offer with ID 46996
2025-07-14 13:52:06	INFO		Deleted offer with ID 46997
2025-07-14 13:52:06	INFO		Deleted offer with ID 46998
2025-07-14 13:52:06	INFO		Deleted offer with ID 46999
2025-07-14 13:52:06	INFO		Deleted offer with ID 47000
2025-07-14 13:52:06	INFO		Deleted offer with ID 47001
2025-07-14 13:52:06	INFO		Deleted offer with ID 47091
2025-07-14 13:52:06	INFO		Deleted offer with ID 47299
2025-07-14 13:52:06	INFO		Deleted offer with ID 47743
2025-07-14 13:52:06	INFO		Deleted offer with ID 47926
2025-07-14 13:52:06	INFO		Deleted offer with ID 47947
2025-07-14 13:52:06	INFO		Deleted offer with ID 48068
2025-07-14 13:52:06	INFO		Deleted offer with ID 48202
2025-07-14 13:52:06	INFO		Deleted offer with ID 48224
2025-07-14 13:52:06	INFO		Deleted offer with ID 48414
2025-07-14 13:52:06	INFO		Deleted offer with ID 48464
2025-07-14 13:52:06	INFO		Deleted offer with ID 48552
2025-07-14 13:52:06	INFO		Deleted offer with ID 48561
2025-07-14 13:52:06	INFO		Deleted offer with ID 48628
2025-07-14 13:52:06	INFO		Deleted offer with ID 48630
2025-07-14 13:52:06	INFO		Deleted offer with ID 48691
2025-07-14 13:52:06	INFO		Deleted offer with ID 48714
2025-07-14 13:52:06	INFO		Deleted offer with ID 48789
2025-07-14 13:52:06	INFO		Deleted offer with ID 48795
2025-07-14 13:52:06	INFO		Deleted offer with ID 48823
2025-07-14 13:52:06	INFO		Deleted offer with ID 48880
2025-07-14 13:52:06	INFO		Deleted offer with ID 48888
2025-07-14 13:52:06	INFO		Deleted offer with ID 48919
2025-07-14 13:52:06	INFO		Deleted offer with ID 48926
2025-07-14 13:52:06	INFO		Deleted offer with ID 48977
2025-07-14 13:52:06	INFO		Deleted offer with ID 48978
2025-07-14 13:52:06	INFO		Deleted offer with ID 48989
2025-07-14 13:52:06	INFO		Deleted offer with ID 48990
2025-07-14 13:52:06	INFO		Deleted offer with ID 49016
2025-07-14 13:52:06	INFO		Deleted offer with ID 49043
2025-07-14 13:52:06	INFO		Deleted offer with ID 49044
2025-07-14 13:52:06	INFO		Deleted offer with ID 49057
2025-07-14 13:52:06	INFO		Deleted offer with ID 49081
2025-07-14 13:52:06	INFO		Deleted offer with ID 49083
2025-07-14 13:52:06	INFO		Deleted offer with ID 49086
2025-07-14 13:52:06	INFO		Deleted offer with ID 49088
2025-07-14 13:52:06	INFO		Deleted offer with ID 49090
2025-07-14 13:52:06	INFO		Deleted offer with ID 49092
2025-07-14 13:52:06	INFO		Deleted offer with ID 49093
2025-07-14 13:52:06	INFO		Deleted offer with ID 49094
2025-07-14 13:52:06	INFO		Deleted offer with ID 49095
2025-07-14 13:52:06	INFO		Deleted offer with ID 49096
2025-07-14 13:52:06	INFO		Deleted offer with ID 49097
2025-07-14 13:52:06	INFO		Deleted offer with ID 49102
2025-07-14 13:52:06	INFO		Deleted offer with ID 49106
2025-07-14 13:52:06	INFO		Deleted offer with ID 49107
2025-07-14 13:52:06	INFO		Deleted offer with ID 49109
2025-07-14 13:52:06	INFO		Deleted offer with ID 49112
2025-07-14 13:52:06	INFO		Deleted offer with ID 49330
2025-07-14 13:52:06	INFO		Deleted offer with ID 49400
2025-07-14 13:52:06	INFO		Deleted offer with ID 49422
2025-07-14 13:52:06	INFO		Deleted offer with ID 49425
2025-07-14 13:52:06	INFO		Deleted offer with ID 49447
2025-07-14 13:52:06	INFO		Deleted offer with ID 49448
2025-07-14 13:52:06	INFO		Deleted offer with ID 49482
2025-07-14 13:52:06	INFO		Deleted offer with ID 49498
2025-07-14 13:52:06	INFO		Deleted offer with ID 49625
2025-07-14 13:52:06	INFO		Deleted offer with ID 49734
2025-07-14 13:52:06	INFO		Deleted offer with ID 49736
2025-07-14 13:52:06	INFO		Deleted offer with ID 49737
2025-07-14 13:52:06	INFO		Deleted offer with ID 49740
2025-07-14 13:52:06	INFO		Deleted offer with ID 49746
2025-07-14 13:52:06	INFO		Deleted offer with ID 49774
2025-07-14 13:52:06	INFO		Deleted offer with ID 49879
2025-07-14 13:52:06	INFO		Deleted offer with ID 49938
2025-07-14 13:52:06	INFO		Deleted offer with ID 49939
2025-07-14 13:52:06	INFO		Deleted offer with ID 49942
2025-07-14 13:52:06	INFO		Deleted offer with ID 49943
2025-07-14 13:52:06	INFO		Deleted offer with ID 50002
2025-07-14 13:52:06	INFO		Deleted offer with ID 50015
2025-07-14 13:52:06	INFO		Deleted offer with ID 50016
2025-07-14 13:52:06	INFO		Deleted offer with ID 50017
2025-07-14 13:52:06	INFO		Deleted offer with ID 50018
2025-07-14 13:52:06	INFO		Deleted offer with ID 50019
2025-07-14 13:52:06	INFO		Deleted offer with ID 50020
2025-07-14 13:52:06	INFO		Deleted offer with ID 50021
2025-07-14 13:52:06	INFO		Deleted offer with ID 50022
2025-07-14 13:52:06	INFO		Deleted offer with ID 50023
2025-07-14 13:52:06	INFO		Deleted offer with ID 50024
2025-07-14 13:52:06	INFO		Deleted offer with ID 50025
2025-07-14 13:52:06	INFO		Deleted offer with ID 50026
2025-07-14 13:52:06	INFO		Deleted offer with ID 50027
2025-07-14 13:52:06	INFO		Deleted offer with ID 50028
2025-07-14 13:52:06	INFO		Deleted offer with ID 50029
2025-07-14 13:52:06	INFO		Deleted offer with ID 50030
2025-07-14 13:52:06	INFO		Deleted offer with ID 50031
2025-07-14 13:52:06	INFO		Deleted offer with ID 50032
2025-07-14 13:52:06	INFO		Deleted offer with ID 50033
2025-07-14 13:52:06	INFO		Deleted offer with ID 50054
2025-07-14 13:52:06	INFO		Deleted offer with ID 50055
2025-07-14 13:52:06	INFO		Deleted offer with ID 50056
2025-07-14 13:52:06	INFO		Deleted offer with ID 50057
2025-07-14 13:52:06	INFO		Deleted offer with ID 50058
2025-07-14 13:52:06	INFO		Deleted offer with ID 50059
2025-07-14 13:52:06	INFO		Deleted offer with ID 50156
2025-07-14 13:52:06	INFO		Deleted offer with ID 50157
2025-07-14 13:52:06	INFO		Deleted offer with ID 50158
2025-07-14 13:52:06	INFO		Deleted offer with ID 50159
2025-07-14 13:52:06	INFO		Deleted offer with ID 50160
2025-07-14 13:52:06	INFO		Deleted offer with ID 50162
2025-07-14 13:52:06	INFO		Deleted offer with ID 50163
2025-07-14 13:52:06	INFO		Deleted offer with ID 50185
2025-07-14 13:52:06	INFO		Deleted offer with ID 50329
2025-07-14 13:52:06	INFO		Deleted offer with ID 50337
2025-07-14 13:52:06	INFO		Deleted offer with ID 50338
2025-07-14 13:52:06	INFO		Deleted offer with ID 50370
2025-07-14 13:52:06	INFO		Deleted offer with ID 50371
2025-07-14 13:52:06	INFO		Deleted offer with ID 50373
2025-07-14 13:52:06	INFO		Deleted offer with ID 50462
2025-07-14 13:52:06	INFO		Deleted offer with ID 50481
2025-07-14 13:52:06	INFO		Deleted offer with ID 50515
2025-07-14 13:52:06	INFO		Deleted offer with ID 50524
2025-07-14 13:52:06	INFO		Deleted offer with ID 50525
2025-07-14 13:52:06	INFO		Deleted offer with ID 50526
2025-07-14 13:52:06	INFO		Deleted offer with ID 50527
2025-07-14 13:52:06	INFO		Deleted offer with ID 50528
2025-07-14 13:52:06	INFO		Deleted offer with ID 50612
2025-07-14 13:52:06	INFO		Deleted offer with ID 50648
2025-07-14 13:52:06	INFO		Deleted offer with ID 50667
2025-07-14 13:52:06	INFO		Deleted offer with ID 50671
2025-07-14 13:52:06	INFO		Deleted offer with ID 50697
2025-07-14 13:52:06	INFO		Deleted offer with ID 50698
2025-07-14 13:52:06	INFO		Deleted offer with ID 50699
2025-07-14 13:52:06	INFO		Deleted offer with ID 50700
2025-07-14 13:52:06	INFO		Deleted offer with ID 50701
2025-07-14 13:52:06	INFO		Deleted offer with ID 50702
2025-07-14 13:52:06	INFO		Deleted offer with ID 50703
2025-07-14 13:52:06	INFO		Deleted offer with ID 50808
2025-07-14 13:52:06	INFO		Deleted offer with ID 50834
2025-07-14 13:52:06	INFO		Deleted offer with ID 50835
2025-07-14 13:52:06	INFO		Deleted offer with ID 50836
2025-07-14 13:52:06	INFO		Deleted offer with ID 50890
2025-07-14 13:52:06	INFO		Deleted offer with ID 50907
2025-07-14 13:52:06	INFO		Deleted offer with ID 50908
2025-07-14 13:52:06	INFO		Deleted offer with ID 50909
2025-07-14 13:52:06	INFO		Deleted offer with ID 50918
2025-07-14 13:52:06	INFO		Deleted offer with ID 50919
2025-07-14 13:52:06	INFO		Deleted offer with ID 50929
2025-07-14 13:52:06	INFO		Deleted offer with ID 50955
2025-07-14 13:52:06	INFO		Deleted offer with ID 50969
2025-07-14 13:52:06	INFO		Deleted offer with ID 50981
2025-07-14 13:52:06	INFO		Deleted offer with ID 50982
2025-07-14 13:52:06	INFO	Import finished successfully.
2025-07-14 13:52:06	INFO	Clean up offers
2025-07-14 13:52:06	INFO		No inactive offers
2025-07-14 13:52:11	INFO	FORCE mode is enabled
2025-07-14 13:52:12	INFO	Starting XML import from https://angebote.paerke.ch/export/xml/a92d8161af564156b34f3470409e66f22dbc80a5
2025-07-14 13:52:12	INFO		Imported offer with ID 42086
2025-07-14 13:52:12	INFO		Imported offer with ID 42342
2025-07-14 13:52:13	INFO		Imported offer with ID 42343
2025-07-14 13:52:13	INFO		Imported offer with ID 42344
2025-07-14 13:52:13	INFO		Imported offer with ID 42345
2025-07-14 13:52:13	INFO		Imported offer with ID 42346
2025-07-14 13:52:13	INFO		Imported offer with ID 42347
2025-07-14 13:52:13	INFO		Imported offer with ID 42348
2025-07-14 13:52:13	INFO		Imported offer with ID 42350
2025-07-14 13:52:13	INFO		Imported offer with ID 42351
2025-07-14 13:52:13	INFO		Imported offer with ID 42359
2025-07-14 13:52:13	INFO		Imported offer with ID 42360
2025-07-14 13:52:13	INFO		Imported offer with ID 42361
2025-07-14 13:52:13	INFO		Imported offer with ID 42362
2025-07-14 13:52:13	INFO		Imported offer with ID 42363
2025-07-14 13:52:13	INFO		Imported offer with ID 42364
2025-07-14 13:52:13	INFO		Imported offer with ID 42087
2025-07-14 13:52:13	INFO		Imported offer with ID 42365
2025-07-14 13:52:13	INFO		Imported offer with ID 42366
2025-07-14 13:52:13	INFO		Imported offer with ID 42367
2025-07-14 13:52:13	INFO		Imported offer with ID 50458
2025-07-14 13:52:13	INFO		Imported offer with ID 50571
2025-07-14 13:52:13	INFO		Imported offer with ID 45826
2025-07-14 13:52:13	INFO		Imported offer with ID 50592
2025-07-14 13:52:13	INFO		Imported offer with ID 46766
2025-07-14 13:52:13	INFO		Imported offer with ID 38625
2025-07-14 13:52:13	INFO		Imported offer with ID 50636
2025-07-14 13:52:13	INFO		Imported offer with ID 50637
2025-07-14 13:52:13	INFO		Imported offer with ID 45812
2025-07-14 13:52:13	INFO		Imported offer with ID 50638
2025-07-14 13:52:13	INFO		Imported offer with ID 50639
2025-07-14 13:52:13	INFO		Imported offer with ID 50950
2025-07-14 13:52:13	INFO		Imported offer with ID 50640
2025-07-14 13:52:13	INFO		Imported offer with ID 45825
2025-07-14 13:52:13	INFO		Imported offer with ID 50653
2025-07-14 13:52:13	INFO		Imported offer with ID 50654
2025-07-14 13:52:13	INFO		Imported offer with ID 50655
2025-07-14 13:52:13	INFO		Imported offer with ID 45813
2025-07-14 13:52:13	INFO		Imported offer with ID 45944
2025-07-14 13:52:13	INFO		Imported offer with ID 50656
2025-07-14 13:52:13	INFO		Imported offer with ID 50658
2025-07-14 13:52:13	INFO		Imported offer with ID 50657
2025-07-14 13:52:13	INFO		Imported offer with ID 42120
2025-07-14 13:52:13	INFO		Imported offer with ID 2133
2025-07-14 13:52:13	INFO		Imported offer with ID 2139
2025-07-14 13:52:13	INFO		Imported offer with ID 2137
2025-07-14 13:52:13	INFO		Imported offer with ID 49226
2025-07-14 13:52:13	INFO		Imported offer with ID 28109
2025-07-14 13:52:13	INFO		Imported offer with ID 342
2025-07-14 13:52:13	INFO		Imported offer with ID 49538
2025-07-14 13:52:13	INFO		Imported offer with ID 2050
2025-07-14 13:52:13	INFO		Imported offer with ID 49357
2025-07-14 13:52:13	INFO		Imported offer with ID 49356
2025-07-14 13:52:13	INFO		Imported offer with ID 19548
2025-07-14 13:52:13	INFO		Imported offer with ID 19704
2025-07-14 13:52:13	INFO		Imported offer with ID 49222
2025-07-14 13:52:13	INFO		Imported offer with ID 112
2025-07-14 13:52:14	INFO		Imported offer with ID 38104
2025-07-14 13:52:14	INFO		Imported offer with ID 49223
2025-07-14 13:52:14	INFO		Imported offer with ID 41280
2025-07-14 13:52:14	INFO		Imported offer with ID 50574
2025-07-14 13:52:14	INFO		Imported offer with ID 105
2025-07-14 13:52:14	INFO		Imported offer with ID 40905
2025-07-14 13:52:14	INFO		Imported offer with ID 40904
2025-07-14 13:52:14	INFO		Imported offer with ID 49168
2025-07-14 13:52:14	INFO		Imported offer with ID 5754
2025-07-14 13:52:14	INFO		Imported offer with ID 5755
2025-07-14 13:52:14	INFO		Imported offer with ID 50935
2025-07-14 13:52:14	INFO		Imported offer with ID 49221
2025-07-14 13:52:14	INFO		Imported offer with ID 49224
2025-07-14 13:52:14	INFO		Imported offer with ID 2131
2025-07-14 13:52:14	INFO		Imported offer with ID 49219
2025-07-14 13:52:14	INFO		Imported offer with ID 2135
2025-07-14 13:52:14	INFO		Imported offer with ID 346
2025-07-14 13:52:14	INFO		Imported offer with ID 40278
2025-07-14 13:52:14	INFO		Imported offer with ID 29772
2025-07-14 13:52:14	INFO	Successfully imported 76 offers.
2025-07-14 13:52:14	INFO	Deleting offers which were not updated...
2025-07-14 13:52:14	INFO		Nothing to delete
2025-07-14 13:52:14	INFO	Import finished successfully.
2025-07-14 13:52:14	INFO	Clean up offers
2025-07-14 13:52:14	INFO		No inactive offers
