2026-03-10 15:29:36	INFO	Starting XML import from https://angebote.paerke.ch/export/xml/b5f8cc3daccc5bec1e8ce711f76fb6eef351590a?since=1771515967
2026-03-10 15:29:36	INFO		Deleted offer with ID 36520
2026-03-10 15:29:36	INFO		Deleted offer with ID 36736
2026-03-10 15:29:36	INFO		Deleted offer with ID 37007
2026-03-10 15:29:36	INFO		Deleted offer with ID 37716
2026-03-10 15:29:36	INFO		Deleted offer with ID 37023
2026-03-10 15:29:36	INFO		Deleted offer with ID 37015
2026-03-10 15:29:36	INFO		Deleted offer with ID 38821
2026-03-10 15:29:36	INFO		Deleted offer with ID 38596
2026-03-10 15:29:36	INFO		Deleted offer with ID 38607
2026-03-10 15:29:36	INFO		Deleted offer with ID 39361
2026-03-10 15:29:36	INFO		Deleted offer with ID 37768
2026-03-10 15:29:36	INFO		Deleted offer with ID 40059
2026-03-10 15:29:36	INFO		Deleted offer with ID 40553
2026-03-10 15:29:36	INFO		Deleted offer with ID 40552
2026-03-10 15:29:36	INFO		Deleted offer with ID 40062
2026-03-10 15:29:36	INFO		Deleted offer with ID 41644
2026-03-10 15:29:36	INFO		Deleted offer with ID 42140
2026-03-10 15:29:36	INFO		Deleted offer with ID 42420
2026-03-10 15:29:36	INFO		Deleted offer with ID 42700
2026-03-10 15:29:36	INFO		Deleted offer with ID 37014
2026-03-10 15:29:36	INFO		Deleted offer with ID 42422
2026-03-10 15:29:36	INFO		Deleted offer with ID 42423
2026-03-10 15:29:36	INFO		Deleted offer with ID 40060
2026-03-10 15:29:36	INFO		Deleted offer with ID 42421
2026-03-10 15:29:36	INFO		Deleted offer with ID 42424
2026-03-10 15:29:36	INFO		Deleted offer with ID 41640
2026-03-10 15:29:36	INFO		Deleted offer with ID 42425
2026-03-10 15:29:36	INFO		Deleted offer with ID 43449
2026-03-10 15:29:36	INFO		Deleted offer with ID 38597
2026-03-10 15:29:36	INFO		Deleted offer with ID 43651
2026-03-10 15:29:36	INFO		Deleted offer with ID 38981
2026-03-10 15:29:36	INFO		Deleted offer with ID 33928
2026-03-10 15:29:36	INFO		Deleted offer with ID 39359
2026-03-10 15:29:36	INFO		Deleted offer with ID 44647
2026-03-10 15:29:36	INFO		Deleted offer with ID 44758
2026-03-10 15:29:36	INFO		Deleted offer with ID 44621
2026-03-10 15:29:36	INFO		Deleted offer with ID 45185
2026-03-10 15:29:36	INFO		Deleted offer with ID 45485
2026-03-10 15:29:36	INFO		Deleted offer with ID 46527
2026-03-10 15:29:36	INFO		Deleted offer with ID 46828
2026-03-10 15:29:36	INFO		Deleted offer with ID 47298
2026-03-10 15:29:36	INFO		Deleted offer with ID 48593
2026-03-10 15:29:36	INFO		Deleted offer with ID 44542
2026-03-10 15:29:36	INFO		Deleted offer with ID 48058
2026-03-10 15:29:36	INFO		Deleted offer with ID 48881
2026-03-10 15:29:36	INFO		Deleted offer with ID 43383
2026-03-10 15:29:36	INFO		Deleted offer with ID 43429
2026-03-10 15:29:36	INFO		Deleted offer with ID 45186
2026-03-10 15:29:36	INFO		Deleted offer with ID 49682
2026-03-10 15:29:36	INFO		Deleted offer with ID 49683
2026-03-10 15:29:36	INFO		Deleted offer with ID 49247
2026-03-10 15:29:36	INFO		Deleted offer with ID 50109
2026-03-10 15:29:36	INFO		Deleted offer with ID 50329
2026-03-10 15:29:36	INFO		Deleted offer with ID 50166
2026-03-10 15:29:36	INFO		Deleted offer with ID 49112
2026-03-10 15:29:36	INFO		Deleted offer with ID 50553
2026-03-10 15:29:36	INFO		Deleted offer with ID 49004
2026-03-10 15:29:36	INFO		Deleted offer with ID 51272
2026-03-10 15:29:36	INFO		Imported offer with ID 52148
2026-03-10 15:29:36	INFO		Deleted offer with ID 52204
2026-03-10 15:29:36	INFO		Deleted offer with ID 51416
2026-03-10 15:29:36	INFO		Deleted offer with ID 47319
2026-03-10 15:29:36	INFO		Deleted offer with ID 50139
2026-03-10 15:29:36	INFO		Deleted offer with ID 51415
2026-03-10 15:29:36	INFO		Deleted offer with ID 52062
2026-03-10 15:29:36	INFO		Deleted offer with ID 37095
2026-03-10 15:29:36	INFO		Deleted offer with ID 51275
2026-03-10 15:29:36	INFO		Deleted offer with ID 52063
2026-03-10 15:29:36	INFO		Imported offer with ID 51593
2026-03-10 15:29:36	INFO		Imported offer with ID 52467
2026-03-10 15:29:36	INFO		Imported offer with ID 51277
2026-03-10 15:29:36	INFO		Imported offer with ID 52444
2026-03-10 15:29:36	INFO		Deleted offer with ID 52466
2026-03-10 15:29:36	INFO		Imported offer with ID 46727
2026-03-10 15:29:36	INFO		Imported offer with ID 52465
2026-03-10 15:29:36	INFO		Imported offer with ID 46380
2026-03-10 15:29:36	INFO		Imported offer with ID 50360
2026-03-10 15:29:36	INFO		Imported offer with ID 45977
2026-03-10 15:29:36	INFO		Imported offer with ID 52351
2026-03-10 15:29:36	INFO		Imported offer with ID 52352
2026-03-10 15:29:36	INFO		Imported offer with ID 46182
2026-03-10 15:29:36	INFO		Imported offer with ID 46374
2026-03-10 15:29:36	INFO		Imported offer with ID 52353
2026-03-10 15:29:36	INFO		Imported offer with ID 52354
2026-03-10 15:29:36	INFO		Imported offer with ID 52288
2026-03-10 15:29:36	INFO		Imported offer with ID 52355
2026-03-10 15:29:36	INFO		Imported offer with ID 52357
2026-03-10 15:29:36	INFO		Imported offer with ID 48541
2026-03-10 15:29:36	INFO		Imported offer with ID 52365
2026-03-10 15:29:36	INFO		Imported offer with ID 52364
2026-03-10 15:29:36	INFO		Imported offer with ID 43761
2026-03-10 15:29:36	INFO		Imported offer with ID 51983
2026-03-10 15:29:36	INFO		Imported offer with ID 52210
2026-03-10 15:29:36	INFO		Imported offer with ID 48846
2026-03-10 15:29:36	INFO		Imported offer with ID 52207
2026-03-10 15:29:36	INFO		Imported offer with ID 50909
2026-03-10 15:29:36	INFO		Imported offer with ID 51984
2026-03-10 15:29:36	INFO		Imported offer with ID 51985
2026-03-10 15:29:36	INFO		Imported offer with ID 51986
2026-03-10 15:29:36	INFO		Imported offer with ID 52368
2026-03-10 15:29:36	INFO		Imported offer with ID 51987
2026-03-10 15:29:36	INFO		Imported offer with ID 51988
2026-03-10 15:29:36	INFO		Imported offer with ID 52366
2026-03-10 15:29:36	INFO		Imported offer with ID 51989
2026-03-10 15:29:36	INFO		Imported offer with ID 52099
2026-03-10 15:29:36	INFO		Imported offer with ID 52224
2026-03-10 15:29:36	INFO		Imported offer with ID 46507
2026-03-10 15:29:36	INFO		Imported offer with ID 51990
2026-03-10 15:29:36	INFO		Imported offer with ID 51992
2026-03-10 15:29:36	INFO		Imported offer with ID 51995
2026-03-10 15:29:36	INFO		Imported offer with ID 51997
2026-03-10 15:29:36	INFO		Imported offer with ID 51999
2026-03-10 15:29:36	INFO		Imported offer with ID 52001
2026-03-10 15:29:36	INFO		Imported offer with ID 52349
2026-03-10 15:29:36	INFO		Imported offer with ID 52002
2026-03-10 15:29:36	INFO		Imported offer with ID 52003
2026-03-10 15:29:36	INFO		Imported offer with ID 52318
2026-03-10 15:29:36	INFO		Imported offer with ID 52004
2026-03-10 15:29:36	INFO		Imported offer with ID 52005
2026-03-10 15:29:36	INFO		Imported offer with ID 52006
2026-03-10 15:29:36	INFO		Imported offer with ID 52007
2026-03-10 15:29:36	INFO		Imported offer with ID 52008
2026-03-10 15:29:36	INFO		Imported offer with ID 52009
2026-03-10 15:29:36	INFO		Imported offer with ID 52375
2026-03-10 15:29:36	INFO		Imported offer with ID 52010
2026-03-10 15:29:36	INFO		Imported offer with ID 52011
2026-03-10 15:29:36	INFO		Imported offer with ID 52367
2026-03-10 15:29:36	INFO		Imported offer with ID 52012
2026-03-10 15:29:36	INFO		Imported offer with ID 52015
2026-03-10 15:29:36	INFO		Imported offer with ID 52016
2026-03-10 15:29:36	INFO		Imported offer with ID 52017
2026-03-10 15:29:36	INFO		Imported offer with ID 52018
2026-03-10 15:29:36	INFO		Imported offer with ID 52019
2026-03-10 15:29:36	INFO		Imported offer with ID 52020
2026-03-10 15:29:36	INFO		Imported offer with ID 52021
2026-03-10 15:29:36	INFO		Imported offer with ID 52022
2026-03-10 15:29:36	INFO		Imported offer with ID 52023
2026-03-10 15:29:36	INFO		Imported offer with ID 52024
2026-03-10 15:29:36	INFO		Imported offer with ID 52025
2026-03-10 15:29:36	INFO		Imported offer with ID 52026
2026-03-10 15:29:36	INFO		Imported offer with ID 52027
2026-03-10 15:29:36	INFO		Imported offer with ID 52028
2026-03-10 15:29:36	INFO		Imported offer with ID 52029
2026-03-10 15:29:36	INFO		Imported offer with ID 52030
2026-03-10 15:29:36	INFO		Imported offer with ID 48823
2026-03-10 15:29:36	INFO		Imported offer with ID 52031
2026-03-10 15:29:36	INFO		Imported offer with ID 52032
2026-03-10 15:29:36	INFO		Imported offer with ID 52033
2026-03-10 15:29:36	INFO		Imported offer with ID 52034
2026-03-10 15:29:36	INFO		Imported offer with ID 52035
2026-03-10 15:29:36	INFO		Imported offer with ID 52036
2026-03-10 15:29:36	INFO		Imported offer with ID 52037
2026-03-10 15:29:36	INFO		Imported offer with ID 52038
2026-03-10 15:29:36	INFO		Imported offer with ID 52039
2026-03-10 15:29:36	INFO		Imported offer with ID 52369
2026-03-10 15:29:36	INFO		Imported offer with ID 42653
2026-03-10 15:29:36	INFO		Imported offer with ID 52376
2026-03-10 15:29:36	INFO		Imported offer with ID 44067
2026-03-10 15:29:36	INFO		Imported offer with ID 39256
2026-03-10 15:29:36	INFO		Imported offer with ID 52445
2026-03-10 15:29:36	INFO		Imported offer with ID 52040
2026-03-10 15:29:36	INFO		Imported offer with ID 52041
2026-03-10 15:29:36	INFO		Imported offer with ID 52042
2026-03-10 15:29:36	INFO		Imported offer with ID 52043
2026-03-10 15:29:36	INFO		Deleted offer with ID 1197
2026-03-10 15:29:36	INFO		Imported offer with ID 52374
2026-03-10 15:29:36	INFO		Deleted offer with ID 45988
2026-03-10 15:29:36	INFO		Deleted offer with ID 42038
2026-03-10 15:29:36	INFO		Imported offer with ID 4750
2026-03-10 15:29:36	INFO		Imported offer with ID 45921
2026-03-10 15:29:36	INFO		Imported offer with ID 46728
2026-03-10 15:29:36	INFO		Deleted offer with ID 38592
2026-03-10 15:29:36	INFO		Imported offer with ID 47000
2026-03-10 15:29:36	INFO		Imported offer with ID 46997
2026-03-10 15:29:36	INFO		Imported offer with ID 46998
2026-03-10 15:29:36	INFO		Imported offer with ID 46999
2026-03-10 15:29:36	INFO		Imported offer with ID 47001
2026-03-10 15:29:36	INFO		Deleted offer with ID 42204
2026-03-10 15:29:36	INFO		Imported offer with ID 43350
2026-03-10 15:29:36	INFO		Imported offer with ID 43345
2026-03-10 15:29:36	INFO		Imported offer with ID 1999
2026-03-10 15:29:36	INFO		Imported offer with ID 43759
2026-03-10 15:29:36	INFO		Imported offer with ID 13242
2026-03-10 15:29:36	INFO		Imported offer with ID 13239
2026-03-10 15:29:36	INFO		Imported offer with ID 14490
2026-03-10 15:29:36	INFO		Deleted offer with ID 36956
2026-03-10 15:29:36	INFO		Imported offer with ID 42716
2026-03-10 15:29:36	INFO		Deleted offer with ID 30099
2026-03-10 15:29:36	INFO		Imported offer with ID 18751
2026-03-10 15:29:36	INFO		Imported offer with ID 51129
2026-03-10 15:29:36	INFO		Imported offer with ID 4199
2026-03-10 15:29:36	INFO		Deleted offer with ID 42213
2026-03-10 15:29:36	INFO		Imported offer with ID 42214
2026-03-10 15:29:36	INFO		Deleted offer with ID 52521
2026-03-10 15:29:36	INFO		Deleted offer with ID 40629
2026-03-10 15:29:36	INFO		Deleted offer with ID 39793
2026-03-10 15:29:36	INFO		Imported offer with ID 49447
2026-03-10 15:29:36	INFO		Imported offer with ID 2100
2026-03-10 15:29:36	INFO		Imported offer with ID 50371
2026-03-10 15:29:36	INFO		Imported offer with ID 4747
2026-03-10 15:29:36	INFO		Imported offer with ID 49879
2026-03-10 15:29:36	INFO		Imported offer with ID 4880
2026-03-10 15:29:36	INFO		Imported offer with ID 48628
2026-03-10 15:29:36	INFO		Deleted offer with ID 40115
2026-03-10 15:29:36	INFO		Imported offer with ID 43750
2026-03-10 15:29:36	INFO		Imported offer with ID 13958
2026-03-10 15:29:36	INFO		Deleted offer with ID 4753
2026-03-10 15:29:36	INFO		Imported offer with ID 4563
2026-03-10 15:29:36	INFO		Imported offer with ID 43550
2026-03-10 15:29:36	INFO		Imported offer with ID 49448
2026-03-10 15:29:36	INFO		Deleted offer with ID 49472
2026-03-10 15:29:36	INFO		Deleted offer with ID 39803
2026-03-10 15:29:36	INFO		Imported offer with ID 51206
2026-03-10 15:29:36	INFO		Imported offer with ID 4749
2026-03-10 15:29:36	INFO		Imported offer with ID 38602
2026-03-10 15:29:36	INFO		Imported offer with ID 4815
2026-03-10 15:29:36	INFO		Imported offer with ID 50481
2026-03-10 15:29:36	INFO		Imported offer with ID 44063
2026-03-10 15:29:36	INFO		Imported offer with ID 38983
2026-03-10 15:29:36	INFO		Imported offer with ID 43997
2026-03-10 15:29:36	INFO		Deleted offer with ID 38984
2026-03-10 15:29:36	INFO		Deleted offer with ID 43071
2026-03-10 15:29:36	INFO		Imported offer with ID 14532
2026-03-10 15:29:36	INFO	Successfully imported 138 offers.
2026-03-10 15:29:36	INFO	Deleted 85 offers.
2026-03-10 15:29:36	INFO	Import finished successfully.
2026-03-10 15:29:37	INFO	Clean up offers
2026-03-10 15:29:37	INFO		Deleted inactive offer with ID 38983
2026-03-10 15:29:37	INFO		Deleted inactive offer with ID 42716
2026-03-10 15:29:37	INFO		Deleted inactive offer with ID 43742
2026-03-10 15:29:37	INFO	Deleted 3 inactive offer(s).
2026-03-10 15:30:31	INFO	Starting XML import from https://angebote.paerke.ch/export/xml/2f5b44440cb80d6438ad90686b7b3224a648a9b3?since=1773156576
2026-03-10 15:30:31	INFO	Successfully imported 0 offers.
2026-03-10 15:30:31	INFO	Deleted 0 offers.
2026-03-10 15:30:31	INFO	Import finished successfully.
2026-03-10 15:30:31	INFO	Clean up offers
2026-03-10 15:30:31	INFO		Deleted inactive offer with ID 95
2026-03-10 15:30:31	INFO		Deleted inactive offer with ID 155
2026-03-10 15:30:31	INFO		Deleted inactive offer with ID 590
2026-03-10 15:30:31	INFO		Deleted inactive offer with ID 735
2026-03-10 15:30:31	INFO		Deleted inactive offer with ID 1183
2026-03-10 15:30:31	INFO		Deleted inactive offer with ID 1196
2026-03-10 15:30:31	INFO		Deleted inactive offer with ID 1204
2026-03-10 15:30:31	INFO		Deleted inactive offer with ID 1213
2026-03-10 15:30:31	INFO		Deleted inactive offer with ID 1214
2026-03-10 15:30:31	INFO		Deleted inactive offer with ID 1215
2026-03-10 15:30:31	INFO		Deleted inactive offer with ID 1217
2026-03-10 15:30:31	INFO		Deleted inactive offer with ID 1427
2026-03-10 15:30:31	INFO		Deleted inactive offer with ID 1999
2026-03-10 15:30:31	INFO		Deleted inactive offer with ID 2004
2026-03-10 15:30:31	INFO		Deleted inactive offer with ID 2033
2026-03-10 15:30:31	INFO		Deleted inactive offer with ID 2091
2026-03-10 15:30:31	INFO		Deleted inactive offer with ID 2092
2026-03-10 15:30:31	INFO		Deleted inactive offer with ID 2094
2026-03-10 15:30:31	INFO		Deleted inactive offer with ID 2095
2026-03-10 15:30:31	INFO		Deleted inactive offer with ID 2100
2026-03-10 15:30:31	INFO		Deleted inactive offer with ID 2254
2026-03-10 15:30:31	INFO		Deleted inactive offer with ID 2259
2026-03-10 15:30:31	INFO		Deleted inactive offer with ID 2264
2026-03-10 15:30:31	INFO		Deleted inactive offer with ID 2302
2026-03-10 15:30:31	INFO		Deleted inactive offer with ID 2418
2026-03-10 15:30:31	INFO		Deleted inactive offer with ID 2423
2026-03-10 15:30:31	INFO		Deleted inactive offer with ID 3488
2026-03-10 15:30:31	INFO		Deleted inactive offer with ID 3939
2026-03-10 15:30:31	INFO		Deleted inactive offer with ID 3996
2026-03-10 15:30:31	INFO		Deleted inactive offer with ID 4199
2026-03-10 15:30:31	INFO		Deleted inactive offer with ID 4560
2026-03-10 15:30:31	INFO		Deleted inactive offer with ID 4563
2026-03-10 15:30:31	INFO		Deleted inactive offer with ID 4568
2026-03-10 15:30:31	INFO		Deleted inactive offer with ID 4572
2026-03-10 15:30:31	INFO		Deleted inactive offer with ID 4596
2026-03-10 15:30:31	INFO		Deleted inactive offer with ID 4599
2026-03-10 15:30:31	INFO		Deleted inactive offer with ID 4621
2026-03-10 15:30:31	INFO		Deleted inactive offer with ID 4742
2026-03-10 15:30:31	INFO		Deleted inactive offer with ID 4746
2026-03-10 15:30:31	INFO		Deleted inactive offer with ID 4747
2026-03-10 15:30:31	INFO		Deleted inactive offer with ID 4748
2026-03-10 15:30:31	INFO		Deleted inactive offer with ID 4749
2026-03-10 15:30:31	INFO		Deleted inactive offer with ID 4750
2026-03-10 15:30:31	INFO		Deleted inactive offer with ID 4752
2026-03-10 15:30:31	INFO		Deleted inactive offer with ID 4772
2026-03-10 15:30:31	INFO		Deleted inactive offer with ID 4815
2026-03-10 15:30:31	INFO		Deleted inactive offer with ID 4817
2026-03-10 15:30:31	INFO		Deleted inactive offer with ID 4818
2026-03-10 15:30:31	INFO		Deleted inactive offer with ID 4819
2026-03-10 15:30:31	INFO		Deleted inactive offer with ID 4880
2026-03-10 15:30:31	INFO		Deleted inactive offer with ID 4951
2026-03-10 15:30:31	INFO		Deleted inactive offer with ID 4960
2026-03-10 15:30:31	INFO		Deleted inactive offer with ID 5171
2026-03-10 15:30:31	INFO		Deleted inactive offer with ID 5271
2026-03-10 15:30:31	INFO		Deleted inactive offer with ID 5399
2026-03-10 15:30:31	INFO		Deleted inactive offer with ID 5572
2026-03-10 15:30:31	INFO		Deleted inactive offer with ID 6149
2026-03-10 15:30:31	INFO		Deleted inactive offer with ID 6150
2026-03-10 15:30:31	INFO		Deleted inactive offer with ID 7620
2026-03-10 15:30:31	INFO		Deleted inactive offer with ID 8748
2026-03-10 15:30:31	INFO		Deleted inactive offer with ID 9336
2026-03-10 15:30:31	INFO		Deleted inactive offer with ID 13238
2026-03-10 15:30:31	INFO		Deleted inactive offer with ID 13239
2026-03-10 15:30:31	INFO		Deleted inactive offer with ID 13242
2026-03-10 15:30:31	INFO		Deleted inactive offer with ID 13925
2026-03-10 15:30:31	INFO		Deleted inactive offer with ID 13958
2026-03-10 15:30:31	INFO		Deleted inactive offer with ID 13963
2026-03-10 15:30:31	INFO		Deleted inactive offer with ID 13965
2026-03-10 15:30:31	INFO		Deleted inactive offer with ID 13966
2026-03-10 15:30:31	INFO		Deleted inactive offer with ID 13967
2026-03-10 15:30:31	INFO		Deleted inactive offer with ID 13975
2026-03-10 15:30:31	INFO		Deleted inactive offer with ID 14490
2026-03-10 15:30:31	INFO		Deleted inactive offer with ID 14532
2026-03-10 15:30:31	INFO		Deleted inactive offer with ID 16336
2026-03-10 15:30:31	INFO		Deleted inactive offer with ID 17946
2026-03-10 15:30:31	INFO		Deleted inactive offer with ID 18751
2026-03-10 15:30:31	INFO		Deleted inactive offer with ID 22461
2026-03-10 15:30:31	INFO		Deleted inactive offer with ID 23406
2026-03-10 15:30:31	INFO		Deleted inactive offer with ID 23415
2026-03-10 15:30:31	INFO		Deleted inactive offer with ID 24694
2026-03-10 15:30:31	INFO		Deleted inactive offer with ID 24925
2026-03-10 15:30:31	INFO		Deleted inactive offer with ID 25223
2026-03-10 15:30:31	INFO		Deleted inactive offer with ID 25314
2026-03-10 15:30:31	INFO		Deleted inactive offer with ID 25315
2026-03-10 15:30:31	INFO		Deleted inactive offer with ID 26042
2026-03-10 15:30:31	INFO		Deleted inactive offer with ID 26082
2026-03-10 15:30:31	INFO		Deleted inactive offer with ID 27192
2026-03-10 15:30:31	INFO		Deleted inactive offer with ID 27249
2026-03-10 15:30:31	INFO		Deleted inactive offer with ID 27250
2026-03-10 15:30:31	INFO		Deleted inactive offer with ID 27251
2026-03-10 15:30:31	INFO		Deleted inactive offer with ID 27252
2026-03-10 15:30:31	INFO		Deleted inactive offer with ID 27253
2026-03-10 15:30:31	INFO		Deleted inactive offer with ID 27889
2026-03-10 15:30:31	INFO		Deleted inactive offer with ID 28110
2026-03-10 15:30:31	INFO		Deleted inactive offer with ID 28111
2026-03-10 15:30:31	INFO		Deleted inactive offer with ID 28296
2026-03-10 15:30:31	INFO		Deleted inactive offer with ID 28745
2026-03-10 15:30:31	INFO		Deleted inactive offer with ID 29262
2026-03-10 15:30:31	INFO		Deleted inactive offer with ID 29263
2026-03-10 15:30:31	INFO		Deleted inactive offer with ID 29431
2026-03-10 15:30:31	INFO		Deleted inactive offer with ID 30058
2026-03-10 15:30:31	INFO		Deleted inactive offer with ID 30729
2026-03-10 15:30:31	INFO		Deleted inactive offer with ID 31968
2026-03-10 15:30:31	INFO		Deleted inactive offer with ID 36507
2026-03-10 15:30:31	INFO		Deleted inactive offer with ID 36759
2026-03-10 15:30:31	INFO		Deleted inactive offer with ID 36761
2026-03-10 15:30:31	INFO		Deleted inactive offer with ID 36762
2026-03-10 15:30:31	INFO		Deleted inactive offer with ID 37573
2026-03-10 15:30:31	INFO		Deleted inactive offer with ID 37576
2026-03-10 15:30:31	INFO		Deleted inactive offer with ID 37741
2026-03-10 15:30:31	INFO		Deleted inactive offer with ID 37742
2026-03-10 15:30:31	INFO		Deleted inactive offer with ID 38307
2026-03-10 15:30:31	INFO		Deleted inactive offer with ID 38335
2026-03-10 15:30:31	INFO		Deleted inactive offer with ID 38602
2026-03-10 15:30:31	INFO		Deleted inactive offer with ID 38628
2026-03-10 15:30:31	INFO		Deleted inactive offer with ID 38629
2026-03-10 15:30:31	INFO		Deleted inactive offer with ID 38646
2026-03-10 15:30:31	INFO		Deleted inactive offer with ID 38819
2026-03-10 15:30:31	INFO		Deleted inactive offer with ID 39108
2026-03-10 15:30:31	INFO		Deleted inactive offer with ID 39202
2026-03-10 15:30:31	INFO		Deleted inactive offer with ID 39216
2026-03-10 15:30:31	INFO		Deleted inactive offer with ID 39256
2026-03-10 15:30:31	INFO		Deleted inactive offer with ID 39298
2026-03-10 15:30:31	INFO		Deleted inactive offer with ID 39319
2026-03-10 15:30:31	INFO		Deleted inactive offer with ID 39445
2026-03-10 15:30:31	INFO		Deleted inactive offer with ID 39855
2026-03-10 15:30:31	INFO		Deleted inactive offer with ID 39856
2026-03-10 15:30:31	INFO		Deleted inactive offer with ID 39870
2026-03-10 15:30:31	INFO		Deleted inactive offer with ID 39885
2026-03-10 15:30:31	INFO		Deleted inactive offer with ID 39888
2026-03-10 15:30:31	INFO		Deleted inactive offer with ID 39889
2026-03-10 15:30:31	INFO		Deleted inactive offer with ID 40114
2026-03-10 15:30:31	INFO		Deleted inactive offer with ID 40177
2026-03-10 15:30:31	INFO		Deleted inactive offer with ID 40400
2026-03-10 15:30:31	INFO		Deleted inactive offer with ID 40401
2026-03-10 15:30:31	INFO		Deleted inactive offer with ID 40406
2026-03-10 15:30:31	INFO		Deleted inactive offer with ID 40429
2026-03-10 15:30:31	INFO		Deleted inactive offer with ID 40555
2026-03-10 15:30:31	INFO		Deleted inactive offer with ID 40556
2026-03-10 15:30:31	INFO		Deleted inactive offer with ID 40591
2026-03-10 15:30:31	INFO		Deleted inactive offer with ID 40610
2026-03-10 15:30:31	INFO		Deleted inactive offer with ID 40654
2026-03-10 15:30:31	INFO		Deleted inactive offer with ID 40655
2026-03-10 15:30:31	INFO		Deleted inactive offer with ID 40708
2026-03-10 15:30:31	INFO		Deleted inactive offer with ID 40713
2026-03-10 15:30:31	INFO		Deleted inactive offer with ID 40875
2026-03-10 15:30:31	INFO		Deleted inactive offer with ID 40893
2026-03-10 15:30:31	INFO		Deleted inactive offer with ID 40894
2026-03-10 15:30:31	INFO		Deleted inactive offer with ID 40896
2026-03-10 15:30:31	INFO		Deleted inactive offer with ID 41212
2026-03-10 15:30:31	INFO		Deleted inactive offer with ID 41240
2026-03-10 15:30:31	INFO		Deleted inactive offer with ID 41241
2026-03-10 15:30:31	INFO		Deleted inactive offer with ID 41347
2026-03-10 15:30:31	INFO		Deleted inactive offer with ID 42205
2026-03-10 15:30:31	INFO		Deleted inactive offer with ID 42206
2026-03-10 15:30:31	INFO		Deleted inactive offer with ID 42214
2026-03-10 15:30:31	INFO		Deleted inactive offer with ID 42215
2026-03-10 15:30:31	INFO		Deleted inactive offer with ID 42219
2026-03-10 15:30:31	INFO		Deleted inactive offer with ID 42488
2026-03-10 15:30:31	INFO		Deleted inactive offer with ID 42653
2026-03-10 15:30:31	INFO		Deleted inactive offer with ID 42763
2026-03-10 15:30:31	INFO		Deleted inactive offer with ID 43202
2026-03-10 15:30:31	INFO		Deleted inactive offer with ID 43235
2026-03-10 15:30:31	INFO		Deleted inactive offer with ID 43310
2026-03-10 15:30:31	INFO		Deleted inactive offer with ID 43324
2026-03-10 15:30:31	INFO		Deleted inactive offer with ID 43326
2026-03-10 15:30:31	INFO		Deleted inactive offer with ID 43334
2026-03-10 15:30:31	INFO		Deleted inactive offer with ID 43337
2026-03-10 15:30:31	INFO		Deleted inactive offer with ID 43341
2026-03-10 15:30:31	INFO		Deleted inactive offer with ID 43345
2026-03-10 15:30:31	INFO		Deleted inactive offer with ID 43350
2026-03-10 15:30:31	INFO		Deleted inactive offer with ID 43352
2026-03-10 15:30:31	INFO		Deleted inactive offer with ID 43353
2026-03-10 15:30:31	INFO		Deleted inactive offer with ID 43436
2026-03-10 15:30:31	INFO		Deleted inactive offer with ID 43493
2026-03-10 15:30:31	INFO		Deleted inactive offer with ID 43550
2026-03-10 15:30:31	INFO		Deleted inactive offer with ID 43707
2026-03-10 15:30:31	INFO		Deleted inactive offer with ID 43750
2026-03-10 15:30:31	INFO		Deleted inactive offer with ID 43753
2026-03-10 15:30:31	INFO		Deleted inactive offer with ID 43759
2026-03-10 15:30:31	INFO		Deleted inactive offer with ID 43761
2026-03-10 15:30:31	INFO		Deleted inactive offer with ID 43762
2026-03-10 15:30:31	INFO		Deleted inactive offer with ID 43798
2026-03-10 15:30:31	INFO		Deleted inactive offer with ID 43827
2026-03-10 15:30:31	INFO		Deleted inactive offer with ID 43828
2026-03-10 15:30:31	INFO		Deleted inactive offer with ID 43848
2026-03-10 15:30:31	INFO		Deleted inactive offer with ID 43873
2026-03-10 15:30:31	INFO		Deleted inactive offer with ID 43997
2026-03-10 15:30:31	INFO		Deleted inactive offer with ID 44063
2026-03-10 15:30:31	INFO		Deleted inactive offer with ID 44067
2026-03-10 15:30:31	INFO		Deleted inactive offer with ID 44120
2026-03-10 15:30:31	INFO		Deleted inactive offer with ID 44179
2026-03-10 15:30:31	INFO		Deleted inactive offer with ID 44317
2026-03-10 15:30:31	INFO		Deleted inactive offer with ID 44320
2026-03-10 15:30:31	INFO		Deleted inactive offer with ID 44321
2026-03-10 15:30:31	INFO		Deleted inactive offer with ID 44338
2026-03-10 15:30:31	INFO		Deleted inactive offer with ID 44344
2026-03-10 15:30:31	INFO		Deleted inactive offer with ID 44796
2026-03-10 15:30:31	INFO		Deleted inactive offer with ID 45338
2026-03-10 15:30:31	INFO		Deleted inactive offer with ID 45449
2026-03-10 15:30:31	INFO		Deleted inactive offer with ID 45669
2026-03-10 15:30:31	INFO		Deleted inactive offer with ID 45749
2026-03-10 15:30:31	INFO		Deleted inactive offer with ID 45877
2026-03-10 15:30:31	INFO		Deleted inactive offer with ID 45921
2026-03-10 15:30:31	INFO		Deleted inactive offer with ID 45968
2026-03-10 15:30:31	INFO		Deleted inactive offer with ID 45977
2026-03-10 15:30:31	INFO		Deleted inactive offer with ID 46164
2026-03-10 15:30:31	INFO		Deleted inactive offer with ID 46166
2026-03-10 15:30:31	INFO		Deleted inactive offer with ID 46167
2026-03-10 15:30:31	INFO		Deleted inactive offer with ID 46182
2026-03-10 15:30:31	INFO		Deleted inactive offer with ID 46374
2026-03-10 15:30:31	INFO		Deleted inactive offer with ID 46380
2026-03-10 15:30:31	INFO		Deleted inactive offer with ID 46385
2026-03-10 15:30:31	INFO		Deleted inactive offer with ID 46386
2026-03-10 15:30:31	INFO		Deleted inactive offer with ID 46387
2026-03-10 15:30:31	INFO		Deleted inactive offer with ID 46473
2026-03-10 15:30:31	INFO		Deleted inactive offer with ID 46507
2026-03-10 15:30:31	INFO		Deleted inactive offer with ID 46707
2026-03-10 15:30:31	INFO		Deleted inactive offer with ID 46727
2026-03-10 15:30:31	INFO		Deleted inactive offer with ID 46728
2026-03-10 15:30:31	INFO		Deleted inactive offer with ID 46753
2026-03-10 15:30:31	INFO		Deleted inactive offer with ID 46860
2026-03-10 15:30:31	INFO		Deleted inactive offer with ID 46905
2026-03-10 15:30:31	INFO		Deleted inactive offer with ID 46996
2026-03-10 15:30:31	INFO		Deleted inactive offer with ID 46997
2026-03-10 15:30:31	INFO		Deleted inactive offer with ID 46998
2026-03-10 15:30:31	INFO		Deleted inactive offer with ID 46999
2026-03-10 15:30:31	INFO		Deleted inactive offer with ID 47000
2026-03-10 15:30:31	INFO		Deleted inactive offer with ID 47001
2026-03-10 15:30:31	INFO		Deleted inactive offer with ID 47299
2026-03-10 15:30:31	INFO		Deleted inactive offer with ID 47320
2026-03-10 15:30:31	INFO		Deleted inactive offer with ID 47880
2026-03-10 15:30:31	INFO		Deleted inactive offer with ID 47926
2026-03-10 15:30:31	INFO		Deleted inactive offer with ID 47947
2026-03-10 15:30:31	INFO		Deleted inactive offer with ID 48068
2026-03-10 15:30:31	INFO		Deleted inactive offer with ID 48202
2026-03-10 15:30:31	INFO		Deleted inactive offer with ID 48224
2026-03-10 15:30:31	INFO		Deleted inactive offer with ID 48414
2026-03-10 15:30:31	INFO		Deleted inactive offer with ID 48464
2026-03-10 15:30:31	INFO		Deleted inactive offer with ID 48541
2026-03-10 15:30:31	INFO		Deleted inactive offer with ID 48552
2026-03-10 15:30:31	INFO		Deleted inactive offer with ID 48561
2026-03-10 15:30:31	INFO		Deleted inactive offer with ID 48628
2026-03-10 15:30:31	INFO		Deleted inactive offer with ID 48630
2026-03-10 15:30:31	INFO		Deleted inactive offer with ID 48795
2026-03-10 15:30:31	INFO		Deleted inactive offer with ID 48823
2026-03-10 15:30:31	INFO		Deleted inactive offer with ID 48846
2026-03-10 15:30:31	INFO		Deleted inactive offer with ID 48880
2026-03-10 15:30:31	INFO		Deleted inactive offer with ID 48888
2026-03-10 15:30:31	INFO		Deleted inactive offer with ID 48919
2026-03-10 15:30:31	INFO		Deleted inactive offer with ID 48926
2026-03-10 15:30:31	INFO		Deleted inactive offer with ID 48977
2026-03-10 15:30:31	INFO		Deleted inactive offer with ID 48978
2026-03-10 15:30:31	INFO		Deleted inactive offer with ID 48989
2026-03-10 15:30:31	INFO		Deleted inactive offer with ID 48990
2026-03-10 15:30:31	INFO		Deleted inactive offer with ID 49016
2026-03-10 15:30:31	INFO		Deleted inactive offer with ID 49043
2026-03-10 15:30:31	INFO		Deleted inactive offer with ID 49044
2026-03-10 15:30:31	INFO		Deleted inactive offer with ID 49057
2026-03-10 15:30:31	INFO		Deleted inactive offer with ID 49081
2026-03-10 15:30:31	INFO		Deleted inactive offer with ID 49083
2026-03-10 15:30:31	INFO		Deleted inactive offer with ID 49086
2026-03-10 15:30:31	INFO		Deleted inactive offer with ID 49088
2026-03-10 15:30:31	INFO		Deleted inactive offer with ID 49090
2026-03-10 15:30:31	INFO		Deleted inactive offer with ID 49092
2026-03-10 15:30:31	INFO		Deleted inactive offer with ID 49093
2026-03-10 15:30:31	INFO		Deleted inactive offer with ID 49094
2026-03-10 15:30:31	INFO		Deleted inactive offer with ID 49095
2026-03-10 15:30:31	INFO		Deleted inactive offer with ID 49096
2026-03-10 15:30:31	INFO		Deleted inactive offer with ID 49097
2026-03-10 15:30:31	INFO		Deleted inactive offer with ID 49102
2026-03-10 15:30:31	INFO		Deleted inactive offer with ID 49106
2026-03-10 15:30:31	INFO		Deleted inactive offer with ID 49107
2026-03-10 15:30:31	INFO		Deleted inactive offer with ID 49109
2026-03-10 15:30:31	INFO		Deleted inactive offer with ID 49400
2026-03-10 15:30:31	INFO		Deleted inactive offer with ID 49425
2026-03-10 15:30:31	INFO		Deleted inactive offer with ID 49447
2026-03-10 15:30:31	INFO		Deleted inactive offer with ID 49448
2026-03-10 15:30:31	INFO		Deleted inactive offer with ID 49625
2026-03-10 15:30:31	INFO		Deleted inactive offer with ID 49661
2026-03-10 15:30:31	INFO		Deleted inactive offer with ID 49734
2026-03-10 15:30:31	INFO		Deleted inactive offer with ID 49740
2026-03-10 15:30:32	INFO		Deleted inactive offer with ID 49746
2026-03-10 15:30:32	INFO		Deleted inactive offer with ID 49879
2026-03-10 15:30:32	INFO		Deleted inactive offer with ID 49938
2026-03-10 15:30:32	INFO		Deleted inactive offer with ID 49939
2026-03-10 15:30:32	INFO		Deleted inactive offer with ID 49940
2026-03-10 15:30:32	INFO		Deleted inactive offer with ID 49942
2026-03-10 15:30:32	INFO		Deleted inactive offer with ID 50002
2026-03-10 15:30:32	INFO		Deleted inactive offer with ID 50054
2026-03-10 15:30:32	INFO		Deleted inactive offer with ID 50159
2026-03-10 15:30:32	INFO		Deleted inactive offer with ID 50162
2026-03-10 15:30:32	INFO		Deleted inactive offer with ID 50163
2026-03-10 15:30:32	INFO		Deleted inactive offer with ID 50360
2026-03-10 15:30:32	INFO		Deleted inactive offer with ID 50370
2026-03-10 15:30:32	INFO		Deleted inactive offer with ID 50371
2026-03-10 15:30:32	INFO		Deleted inactive offer with ID 50373
2026-03-10 15:30:32	INFO		Deleted inactive offer with ID 50481
2026-03-10 15:30:32	INFO		Deleted inactive offer with ID 50515
2026-03-10 15:30:32	INFO		Deleted inactive offer with ID 50671
2026-03-10 15:30:32	INFO		Deleted inactive offer with ID 50808
2026-03-10 15:30:32	INFO		Deleted inactive offer with ID 50835
2026-03-10 15:30:32	INFO		Deleted inactive offer with ID 50909
2026-03-10 15:30:32	INFO		Deleted inactive offer with ID 50955
2026-03-10 15:30:32	INFO		Deleted inactive offer with ID 50981
2026-03-10 15:30:32	INFO		Deleted inactive offer with ID 50982
2026-03-10 15:30:32	INFO		Deleted inactive offer with ID 50984
2026-03-10 15:30:32	INFO		Deleted inactive offer with ID 50985
2026-03-10 15:30:32	INFO		Deleted inactive offer with ID 51129
2026-03-10 15:30:32	INFO		Deleted inactive offer with ID 51206
2026-03-10 15:30:32	INFO		Deleted inactive offer with ID 51211
2026-03-10 15:30:32	INFO		Deleted inactive offer with ID 51261
2026-03-10 15:30:32	INFO		Deleted inactive offer with ID 51277
2026-03-10 15:30:32	INFO		Deleted inactive offer with ID 51300
2026-03-10 15:30:32	INFO		Deleted inactive offer with ID 51317
2026-03-10 15:30:32	INFO		Deleted inactive offer with ID 51593
2026-03-10 15:30:32	INFO		Deleted inactive offer with ID 51678
2026-03-10 15:30:32	INFO		Deleted inactive offer with ID 51686
2026-03-10 15:30:32	INFO		Deleted inactive offer with ID 51980
2026-03-10 15:30:32	INFO		Deleted inactive offer with ID 51981
2026-03-10 15:30:32	INFO		Deleted inactive offer with ID 51982
2026-03-10 15:30:32	INFO		Deleted inactive offer with ID 51983
2026-03-10 15:30:32	INFO		Deleted inactive offer with ID 51984
2026-03-10 15:30:32	INFO		Deleted inactive offer with ID 51985
2026-03-10 15:30:32	INFO		Deleted inactive offer with ID 51986
2026-03-10 15:30:32	INFO		Deleted inactive offer with ID 51987
2026-03-10 15:30:32	INFO		Deleted inactive offer with ID 51988
2026-03-10 15:30:32	INFO		Deleted inactive offer with ID 51989
2026-03-10 15:30:32	INFO		Deleted inactive offer with ID 51990
2026-03-10 15:30:32	INFO		Deleted inactive offer with ID 51991
2026-03-10 15:30:32	INFO		Deleted inactive offer with ID 51992
2026-03-10 15:30:32	INFO		Deleted inactive offer with ID 51993
2026-03-10 15:30:32	INFO		Deleted inactive offer with ID 51994
2026-03-10 15:30:32	INFO		Deleted inactive offer with ID 51995
2026-03-10 15:30:32	INFO		Deleted inactive offer with ID 51996
2026-03-10 15:30:32	INFO		Deleted inactive offer with ID 51997
2026-03-10 15:30:32	INFO		Deleted inactive offer with ID 51998
2026-03-10 15:30:32	INFO		Deleted inactive offer with ID 51999
2026-03-10 15:30:32	INFO		Deleted inactive offer with ID 52000
2026-03-10 15:30:32	INFO		Deleted inactive offer with ID 52001
2026-03-10 15:30:32	INFO		Deleted inactive offer with ID 52002
2026-03-10 15:30:32	INFO		Deleted inactive offer with ID 52003
2026-03-10 15:30:32	INFO		Deleted inactive offer with ID 52004
2026-03-10 15:30:32	INFO		Deleted inactive offer with ID 52005
2026-03-10 15:30:32	INFO		Deleted inactive offer with ID 52006
2026-03-10 15:30:32	INFO		Deleted inactive offer with ID 52007
2026-03-10 15:30:32	INFO		Deleted inactive offer with ID 52008
2026-03-10 15:30:32	INFO		Deleted inactive offer with ID 52009
2026-03-10 15:30:32	INFO		Deleted inactive offer with ID 52010
2026-03-10 15:30:32	INFO		Deleted inactive offer with ID 52011
2026-03-10 15:30:32	INFO		Deleted inactive offer with ID 52012
2026-03-10 15:30:32	INFO		Deleted inactive offer with ID 52015
2026-03-10 15:30:32	INFO		Deleted inactive offer with ID 52016
2026-03-10 15:30:32	INFO		Deleted inactive offer with ID 52017
2026-03-10 15:30:32	INFO		Deleted inactive offer with ID 52018
2026-03-10 15:30:32	INFO		Deleted inactive offer with ID 52019
2026-03-10 15:30:32	INFO		Deleted inactive offer with ID 52020
2026-03-10 15:30:32	INFO		Deleted inactive offer with ID 52021
2026-03-10 15:30:32	INFO		Deleted inactive offer with ID 52022
2026-03-10 15:30:32	INFO		Deleted inactive offer with ID 52023
2026-03-10 15:30:32	INFO		Deleted inactive offer with ID 52024
2026-03-10 15:30:32	INFO		Deleted inactive offer with ID 52025
2026-03-10 15:30:32	INFO		Deleted inactive offer with ID 52026
2026-03-10 15:30:32	INFO		Deleted inactive offer with ID 52027
2026-03-10 15:30:32	INFO		Deleted inactive offer with ID 52028
2026-03-10 15:30:32	INFO		Deleted inactive offer with ID 52029
2026-03-10 15:30:32	INFO		Deleted inactive offer with ID 52030
2026-03-10 15:30:32	INFO		Deleted inactive offer with ID 52031
2026-03-10 15:30:32	INFO		Deleted inactive offer with ID 52032
2026-03-10 15:30:32	INFO		Deleted inactive offer with ID 52033
2026-03-10 15:30:32	INFO		Deleted inactive offer with ID 52034
2026-03-10 15:30:32	INFO		Deleted inactive offer with ID 52035
2026-03-10 15:30:32	INFO		Deleted inactive offer with ID 52036
2026-03-10 15:30:32	INFO		Deleted inactive offer with ID 52037
2026-03-10 15:30:32	INFO		Deleted inactive offer with ID 52038
2026-03-10 15:30:32	INFO		Deleted inactive offer with ID 52039
2026-03-10 15:30:32	INFO		Deleted inactive offer with ID 52040
2026-03-10 15:30:32	INFO		Deleted inactive offer with ID 52041
2026-03-10 15:30:32	INFO		Deleted inactive offer with ID 52042
2026-03-10 15:30:32	INFO		Deleted inactive offer with ID 52043
2026-03-10 15:30:32	INFO		Deleted inactive offer with ID 52048
2026-03-10 15:30:32	INFO		Deleted inactive offer with ID 52050
2026-03-10 15:30:32	INFO		Deleted inactive offer with ID 52064
2026-03-10 15:30:32	INFO		Deleted inactive offer with ID 52092
2026-03-10 15:30:32	INFO		Deleted inactive offer with ID 52099
2026-03-10 15:30:32	INFO		Deleted inactive offer with ID 52120
2026-03-10 15:30:32	INFO		Deleted inactive offer with ID 52148
2026-03-10 15:30:32	INFO		Deleted inactive offer with ID 52207
2026-03-10 15:30:32	INFO		Deleted inactive offer with ID 52210
2026-03-10 15:30:32	INFO		Deleted inactive offer with ID 52224
2026-03-10 15:30:32	INFO		Deleted inactive offer with ID 52225
2026-03-10 15:30:32	INFO		Deleted inactive offer with ID 52288
2026-03-10 15:30:32	INFO		Deleted inactive offer with ID 52318
2026-03-10 15:30:32	INFO		Deleted inactive offer with ID 52349
2026-03-10 15:30:32	INFO		Deleted inactive offer with ID 52351
2026-03-10 15:30:32	INFO		Deleted inactive offer with ID 52352
2026-03-10 15:30:32	INFO		Deleted inactive offer with ID 52353
2026-03-10 15:30:32	INFO		Deleted inactive offer with ID 52354
2026-03-10 15:30:32	INFO		Deleted inactive offer with ID 52355
2026-03-10 15:30:32	INFO		Deleted inactive offer with ID 52357
2026-03-10 15:30:32	INFO		Deleted inactive offer with ID 52364
2026-03-10 15:30:32	INFO		Deleted inactive offer with ID 52365
2026-03-10 15:30:32	INFO		Deleted inactive offer with ID 52366
2026-03-10 15:30:32	INFO		Deleted inactive offer with ID 52367
2026-03-10 15:30:32	INFO		Deleted inactive offer with ID 52368
2026-03-10 15:30:32	INFO		Deleted inactive offer with ID 52369
2026-03-10 15:30:32	INFO		Deleted inactive offer with ID 52374
2026-03-10 15:30:32	INFO		Deleted inactive offer with ID 52375
2026-03-10 15:30:32	INFO		Deleted inactive offer with ID 52376
2026-03-10 15:30:32	INFO		Deleted inactive offer with ID 52444
2026-03-10 15:30:32	INFO		Deleted inactive offer with ID 52445
2026-03-10 15:30:32	INFO		Deleted inactive offer with ID 52465
2026-03-10 15:30:32	INFO		Deleted inactive offer with ID 52467
2026-03-10 15:30:32	INFO	Deleted 413 inactive offer(s).
2026-03-10 15:31:40	INFO	Starting XML import from https://angebote.paerke.ch/export/xml/258376684c02efad76bd49b264a3e5a231e0db4d?since=1773156631
2026-03-10 15:31:40	INFO	Successfully imported 0 offers.
2026-03-10 15:31:40	INFO	Deleted 0 offers.
2026-03-10 15:31:40	INFO	Import finished successfully.
2026-03-10 15:31:41	INFO	Clean up offers
2026-03-10 15:31:41	INFO		Deleted inactive offer with ID 38631
2026-03-10 15:31:41	INFO		Deleted inactive offer with ID 38643
2026-03-10 15:31:41	INFO		Deleted inactive offer with ID 38644
2026-03-10 15:31:41	INFO		Deleted inactive offer with ID 39183
2026-03-10 15:31:41	INFO		Deleted inactive offer with ID 39618
2026-03-10 15:31:41	INFO		Deleted inactive offer with ID 40233
2026-03-10 15:31:41	INFO		Deleted inactive offer with ID 40238
2026-03-10 15:31:41	INFO		Deleted inactive offer with ID 40331
2026-03-10 15:31:41	INFO		Deleted inactive offer with ID 40332
2026-03-10 15:31:41	INFO		Deleted inactive offer with ID 40360
2026-03-10 15:31:41	INFO		Deleted inactive offer with ID 40670
2026-03-10 15:31:41	INFO		Deleted inactive offer with ID 40671
2026-03-10 15:31:41	INFO		Deleted inactive offer with ID 42236
2026-03-10 15:31:41	INFO		Deleted inactive offer with ID 43349
2026-03-10 15:31:41	INFO	Deleted 14 inactive offer(s).
2026-03-10 15:32:17	INFO	FORCE mode is enabled
2026-03-10 15:32:17	INFO	Starting XML import from https://angebote.paerke.ch/export/xml/258376684c02efad76bd49b264a3e5a231e0db4d
2026-03-10 15:32:18	INFO		Imported offer with ID 50819
2026-03-10 15:32:18	INFO		Imported offer with ID 16627
2026-03-10 15:32:18	INFO		Imported offer with ID 1638
2026-03-10 15:32:18	INFO		Imported offer with ID 38768
2026-03-10 15:32:18	INFO		Imported offer with ID 50576
2026-03-10 15:32:18	INFO		Imported offer with ID 38693
2026-03-10 15:32:18	INFO		Imported offer with ID 4724
2026-03-10 15:32:18	INFO		Imported offer with ID 38697
2026-03-10 15:32:18	INFO		Imported offer with ID 38770
2026-03-10 15:32:18	INFO		Imported offer with ID 38937
2026-03-10 15:32:18	INFO		Imported offer with ID 2819
2026-03-10 15:32:18	INFO		Imported offer with ID 26
2026-03-10 15:32:18	INFO		Imported offer with ID 16626
2026-03-10 15:32:18	INFO		Imported offer with ID 24522
2026-03-10 15:32:18	INFO		Imported offer with ID 38692
2026-03-10 15:32:18	INFO		Imported offer with ID 38686
2026-03-10 15:32:18	INFO		Imported offer with ID 50574
2026-03-10 15:32:18	INFO		Imported offer with ID 1174
2026-03-10 15:32:18	INFO		Imported offer with ID 2748
2026-03-10 15:32:18	INFO		Imported offer with ID 38938
2026-03-10 15:32:18	INFO		Imported offer with ID 1230
2026-03-10 15:32:18	INFO		Imported offer with ID 38691
2026-03-10 15:32:18	INFO		Imported offer with ID 50169
2026-03-10 15:32:18	INFO		Imported offer with ID 48310
2026-03-10 15:32:18	INFO		Imported offer with ID 2884
2026-03-10 15:32:18	INFO		Imported offer with ID 38773
2026-03-10 15:32:18	INFO		Imported offer with ID 37598
2026-03-10 15:32:18	INFO	Successfully imported 27 offers.
2026-03-10 15:32:18	INFO	Deleting offers which were not updated...
2026-03-10 15:32:18	INFO		Nothing to delete
2026-03-10 15:32:18	INFO	Import finished successfully.
2026-03-10 15:32:18	INFO	Clean up offers
2026-03-10 15:32:18	INFO		No inactive offers
